build/app/intermediates/manifest_merge_blame_file/release/manifest-merger-blame-release-report.txt
1<?xml version="1.0" encoding="utf-8"?>
2<manifest xmlns:android="http://schemas.android.com/apk/res/android"
3    package="com.narkha.covid_tracker"
4    android:versionCode="1"
5    android:versionName="1.0.0" >
6
7    <uses-sdk
8        android:minSdkVersion="16"
8-->src\main\AndroidManifest.xml
9        android:targetSdkVersion="28" />
9-->src\main\AndroidManifest.xml
10
11    <!--
12         io.flutter.app.FlutterApplication is an android.app.Application that
13         calls FlutterMain.startInitialization(this); in its onCreate method.
14         In most cases you can leave this as-is, but you if you want to provide
15         additional functionality it is fine to subclass or reimplement
16         FlutterApplication and put your custom class here.
17    -->
18    <uses-permission android:name="android.permission.INTERNET" />
18-->src\main\AndroidManifest.xml:9:5-66
18-->src\main\AndroidManifest.xml:9:22-64
19    <uses-permission android:name="android.permission.ACCESS_NETWORK_STATE" />
19-->[:connectivity] AndroidManifest.xml:7:5-79
19-->[:connectivity] AndroidManifest.xml:7:22-76
20    <uses-permission android:name="android.permission.ACCESS_WIFI_STATE" />
20-->[:connectivity] AndroidManifest.xml:8:5-76
20-->[:connectivity] AndroidManifest.xml:8:22-73
21
22    <application
22-->src\main\AndroidManifest.xml:10:5-33:19
23        android:name="io.flutter.app.FlutterApplication"
23-->src\main\AndroidManifest.xml:11:9-57
24        android:appComponentFactory="androidx.core.app.CoreComponentFactory"
24-->[androidx.core:core:1.1.0] AndroidManifest.xml:24:18-86
25        android:icon="@mipmap/icon"
25-->src\main\AndroidManifest.xml:13:9-36
26        android:label="Covid Tracker" >
26-->src\main\AndroidManifest.xml:12:9-38
27        <activity
27-->src\main\AndroidManifest.xml:14:9-32:20
28            android:name="com.narkha.covid_tracker.MainActivity"
28-->src\main\AndroidManifest.xml:15:13-41
29            android:configChanges="orientation|keyboardHidden|keyboard|screenSize|locale|layoutDirection|fontScale|screenLayout|density|uiMode"
29-->src\main\AndroidManifest.xml:18:13-144
30            android:hardwareAccelerated="true"
30-->src\main\AndroidManifest.xml:19:13-47
31            android:launchMode="singleTop"
31-->src\main\AndroidManifest.xml:16:13-43
32            android:theme="@style/LaunchTheme"
32-->src\main\AndroidManifest.xml:17:13-47
33            android:windowSoftInputMode="adjustResize" >
33-->src\main\AndroidManifest.xml:20:13-55
34
35            <!--
36                 This keeps the window background of the activity showing
37                 until Flutter renders its first frame. It can be removed if
38                 there is no splash screen (such as the default splash screen
39                 defined in @style/LaunchTheme).
40            -->
41            <meta-data
41-->src\main\AndroidManifest.xml:25:13-27:40
42                android:name="io.flutter.app.android.SplashScreenUntilFirstFrame"
42-->src\main\AndroidManifest.xml:26:17-82
43                android:value="true" />
43-->src\main\AndroidManifest.xml:27:17-37
44
45            <intent-filter>
45-->src\main\AndroidManifest.xml:28:13-31:29
46                <action android:name="android.intent.action.MAIN" />
46-->src\main\AndroidManifest.xml:29:17-68
46-->src\main\AndroidManifest.xml:29:25-66
47
48                <category android:name="android.intent.category.LAUNCHER" />
48-->src\main\AndroidManifest.xml:30:17-76
48-->src\main\AndroidManifest.xml:30:27-74
49            </intent-filter>
50        </activity>
51        <activity
51-->[:url_launcher] AndroidManifest.xml:8:9-11:74
52            android:name="io.flutter.plugins.urllauncher.WebViewActivity"
52-->[:url_launcher] AndroidManifest.xml:9:13-74
53            android:exported="false"
53-->[:url_launcher] AndroidManifest.xml:10:13-37
54            android:theme="@android:style/Theme.NoTitleBar.Fullscreen" />
54-->[:url_launcher] AndroidManifest.xml:11:13-71
55    </application>
56
57</manifest>